<?xml version="1.0" encoding="UTF-8"?>
<testng-results skipped="0" failed="0" ignored="0" total="2" passed="2">
  <reporter-output>
  </reporter-output>
  <suite name="Default suite" duration-ms="286" started-at="2017-07-06T09:13:05Z" finished-at="2017-07-06T09:13:05Z">
    <groups>
    </groups>
    <test name="Default test" duration-ms="286" started-at="2017-07-06T09:13:05Z" finished-at="2017-07-06T09:13:05Z">
      <class name="Mavenclass.mexampletest">
        <test-method status="PASS" signature="beforeSuite()[pri:0, instance:Mavenclass.mexampletest@2b98378d]" name="beforeSuite" is-config="true" duration-ms="34" started-at="2017-07-06T05:13:05Z" finished-at="2017-07-06T05:13:05Z">
          <reporter-output>
          </reporter-output>
        </test-method> <!-- beforeSuite -->
        <test-method status="PASS" signature="beforeTest()[pri:0, instance:Mavenclass.mexampletest@2b98378d]" name="beforeTest" is-config="true" duration-ms="1" started-at="2017-07-06T05:13:05Z" finished-at="2017-07-06T05:13:05Z">
          <reporter-output>
          </reporter-output>
        </test-method> <!-- beforeTest -->
        <test-method status="PASS" signature="beforeClass()[pri:0, instance:Mavenclass.mexampletest@2b98378d]" name="beforeClass" is-config="true" duration-ms="1" started-at="2017-07-06T05:13:05Z" finished-at="2017-07-06T05:13:05Z">
          <reporter-output>
          </reporter-output>
        </test-method> <!-- beforeClass -->
        <test-method status="PASS" signature="beforeMethod()[pri:0, instance:Mavenclass.mexampletest@2b98378d]" name="beforeMethod" is-config="true" duration-ms="0" started-at="2017-07-06T05:13:05Z" finished-at="2017-07-06T05:13:05Z">
          <reporter-output>
          </reporter-output>
        </test-method> <!-- beforeMethod -->
        <test-method status="PASS" signature="testCase1()[pri:0, instance:Mavenclass.mexampletest@2b98378d]" name="testCase1" duration-ms="16" started-at="2017-07-06T05:13:05Z" finished-at="2017-07-06T05:13:05Z">
          <reporter-output>
          </reporter-output>
        </test-method> <!-- testCase1 -->
        <test-method status="PASS" signature="afterMethod()[pri:0, instance:Mavenclass.mexampletest@2b98378d]" name="afterMethod" is-config="true" duration-ms="3" started-at="2017-07-06T05:13:05Z" finished-at="2017-07-06T05:13:05Z">
          <reporter-output>
          </reporter-output>
        </test-method> <!-- afterMethod -->
        <test-method status="PASS" signature="beforeMethod()[pri:0, instance:Mavenclass.mexampletest@2b98378d]" name="beforeMethod" is-config="true" duration-ms="1" started-at="2017-07-06T05:13:05Z" finished-at="2017-07-06T05:13:05Z">
          <reporter-output>
          </reporter-output>
        </test-method> <!-- beforeMethod -->
        <test-method status="PASS" signature="testCase2()[pri:0, instance:Mavenclass.mexampletest@2b98378d]" name="testCase2" duration-ms="5" started-at="2017-07-06T05:13:05Z" finished-at="2017-07-06T05:13:05Z">
          <reporter-output>
          </reporter-output>
        </test-method> <!-- testCase2 -->
        <test-method status="PASS" signature="afterMethod()[pri:0, instance:Mavenclass.mexampletest@2b98378d]" name="afterMethod" is-config="true" duration-ms="0" started-at="2017-07-06T05:13:05Z" finished-at="2017-07-06T05:13:05Z">
          <reporter-output>
          </reporter-output>
        </test-method> <!-- afterMethod -->
        <test-method status="PASS" signature="afterClass()[pri:0, instance:Mavenclass.mexampletest@2b98378d]" name="afterClass" is-config="true" duration-ms="8" started-at="2017-07-06T05:13:05Z" finished-at="2017-07-06T05:13:05Z">
          <reporter-output>
          </reporter-output>
        </test-method> <!-- afterClass -->
        <test-method status="PASS" signature="afterTest()[pri:0, instance:Mavenclass.mexampletest@2b98378d]" name="afterTest" is-config="true" duration-ms="1" started-at="2017-07-06T05:13:05Z" finished-at="2017-07-06T05:13:05Z">
          <reporter-output>
          </reporter-output>
        </test-method> <!-- afterTest -->
        <test-method status="PASS" signature="afterSuite()[pri:0, instance:Mavenclass.mexampletest@2b98378d]" name="afterSuite" is-config="true" duration-ms="1" started-at="2017-07-06T05:13:06Z" finished-at="2017-07-06T05:13:06Z">
          <reporter-output>
          </reporter-output>
        </test-method> <!-- afterSuite -->
      </class> <!-- Mavenclass.mexampletest -->
    </test> <!-- Default test -->
  </suite> <!-- Default suite -->
</testng-results>
